<?xml version="1.0" encoding="UTF-8"?>
<!-- Generated by org.testng.reporters.JUnitReportReporter -->
<testsuite hostname="DESKTOP-RMGD7UB" failures="0" tests="1" name="Alerts_Frames_Windows.Alerts" time="8.831" errors="0" timestamp="2024-04-20T18:04:09 IST" skipped="0">
  <testcase classname="Alerts_Frames_Windows.Alerts" name="Testing" time="8.831"/>
</testsuite> <!-- Alerts_Frames_Windows.Alerts -->
