<?xml version="1.0" encoding="UTF-8"?>
<!-- Generated by org.testng.reporters.JUnitReportReporter -->
<testsuite hostname="DESKTOP-RMGD7UB" failures="0" tests="1" name="Widgets.MoveToElement_1" time="9.741" errors="0" timestamp="2024-04-26T16:28:42 IST" skipped="0">
  <testcase classname="Widgets.MoveToElement_1" name="Testing" time="9.741"/>
</testsuite> <!-- Widgets.MoveToElement_1 -->
