<?xml version="1.0" encoding="UTF-8"?>
<!-- Generated by org.testng.reporters.JUnitReportReporter -->
<testsuite hostname="DESKTOP-RMGD7UB" failures="0" tests="1" name="Alerts_Frames_Windows.Accordian" time="1.683" errors="0" timestamp="2024-04-22T12:55:13 IST" skipped="0">
  <testcase classname="Alerts_Frames_Windows.Accordian" name="Testing" time="1.683"/>
</testsuite> <!-- Alerts_Frames_Windows.Accordian -->
