<?xml version="1.0" encoding="UTF-8"?>
<!-- Generated by org.testng.reporters.JUnitReportReporter -->
<testsuite hostname="DESKTOP-RMGD7UB" failures="0" tests="1" name="Elements.Links" time="9.044" errors="0" timestamp="2024-04-26T19:34:16 IST" skipped="0">
  <testcase classname="Elements.Links" name="Testing" time="9.044"/>
</testsuite> <!-- Elements.Links -->
