<?xml version="1.0" encoding="UTF-8"?>
<!-- Generated by org.testng.reporters.JUnitReportReporter -->
<testsuite hostname="DESKTOP-RMGD7UB" failures="0" tests="1" name="Elements.Wait_Until" time="7.624" errors="0" timestamp="2024-04-16T16:44:54 IST" skipped="0">
  <testcase classname="Elements.Wait_Until" name="Testing" time="7.624"/>
</testsuite> <!-- Elements.Wait_Until -->
