<?xml version="1.0" encoding="UTF-8"?>
<!-- Generated by org.testng.reporters.JUnitReportReporter -->
<testsuite hostname="DESKTOP-RMGD7UB" failures="0" tests="1" name="Widgets.Select_Menu" time="11.777" errors="0" timestamp="2024-04-29T22:41:46 IST" skipped="0">
  <testcase classname="Widgets.Select_Menu" name="Testing" time="11.777"/>
</testsuite> <!-- Widgets.Select_Menu -->
