<?xml version="1.0" encoding="UTF-8"?>
<!-- Generated by org.testng.reporters.JUnitReportReporter -->
<testsuite hostname="DESKTOP-RMGD7UB" failures="0" tests="1" name="Widgets.Date_Picker" time="14.812" errors="0" timestamp="2024-04-25T11:52:31 IST" skipped="0">
  <testcase classname="Widgets.Date_Picker" name="Testing" time="14.812"/>
</testsuite> <!-- Widgets.Date_Picker -->
