<?xml version="1.0" encoding="UTF-8"?>
<!-- Generated by org.testng.reporters.JUnitReportReporter -->
<testsuite hostname="DESKTOP-RMGD7UB" failures="0" tests="1" name="Alerts_Frames_Windows.Browser_Windows_NewWindow" time="5.697" errors="0" timestamp="2024-04-19T20:20:52 IST" skipped="0">
  <testcase classname="Alerts_Frames_Windows.Browser_Windows_NewWindow" name="Testing" time="5.697"/>
</testsuite> <!-- Alerts_Frames_Windows.Browser_Windows_NewWindow -->
