<?xml version="1.0" encoding="UTF-8"?>
<!-- Generated by org.testng.reporters.JUnitReportReporter -->
<testsuite hostname="DESKTOP-RMGD7UB" failures="0" tests="1" name="Widgets.MoveToELements" time="13.735" errors="0" timestamp="2024-04-26T12:35:11 IST" skipped="0">
  <testcase classname="Widgets.MoveToELements" name="Testing" time="13.735"/>
</testsuite> <!-- Widgets.MoveToELements -->
