<?xml version="1.0" encoding="UTF-8"?>
<!-- Generated by org.testng.reporters.JUnitReportReporter -->
<testsuite hostname="DESKTOP-RMGD7UB" failures="0" tests="1" name="Alerts_Frames_Windows.Modal_Dialogs" time="3.869" errors="0" timestamp="2024-04-21T18:13:34 IST" skipped="0">
  <testcase classname="Alerts_Frames_Windows.Modal_Dialogs" name="Testing" time="3.869"/>
</testsuite> <!-- Alerts_Frames_Windows.Modal_Dialogs -->
