<?xml version="1.0" encoding="UTF-8"?>
<!-- Generated by org.testng.reporters.JUnitReportReporter -->
<testsuite hostname="DESKTOP-RMGD7UB" failures="0" tests="1" name="com.DemoQa.CheckBox_Elements" time="4.578" errors="0" timestamp="2024-04-09T16:26:53 IST" skipped="0">
  <testcase classname="com.DemoQa.CheckBox_Elements" name="Testing" time="4.578"/>
</testsuite> <!-- com.DemoQa.CheckBox_Elements -->
