<?xml version="1.0" encoding="UTF-8"?>
<!-- Generated by org.testng.reporters.JUnitReportReporter -->
<testsuite hostname="DESKTOP-RMGD7UB" failures="0" tests="1" name="Elements.Buttons" time="7.949" errors="0" timestamp="2024-04-15T16:26:15 IST" skipped="0">
  <testcase classname="Elements.Buttons" name="Testing" time="7.949"/>
</testsuite> <!-- Elements.Buttons -->
