<?xml version="1.0" encoding="UTF-8"?>
<!-- Generated by org.testng.reporters.JUnitReportReporter -->
<testsuite hostname="DESKTOP-RMGD7UB" failures="0" tests="1" name="Widgets.Date_Picker_DateAndTime" time="8.686" errors="0" timestamp="2024-04-25T11:50:47 IST" skipped="0">
  <testcase classname="Widgets.Date_Picker_DateAndTime" name="Testing" time="8.686"/>
</testsuite> <!-- Widgets.Date_Picker_DateAndTime -->
