<?xml version="1.0" encoding="UTF-8"?>
<!-- Generated by org.testng.reporters.JUnitReportReporter -->
<testsuite hostname="DESKTOP-RMGD7UB" failures="0" tests="1" name="Forms.Practice_Form" time="22.986" errors="0" timestamp="2024-04-30T11:58:22 IST" skipped="0">
  <testcase classname="Forms.Practice_Form" name="Testing" time="22.986"/>
</testsuite> <!-- Forms.Practice_Form -->
