<?xml version="1.0" encoding="UTF-8"?>
<!-- Generated by org.testng.reporters.JUnitReportReporter -->
<testsuite hostname="DESKTOP-RMGD7UB" failures="0" tests="1" name="Alerts_Frames_Windows.Auto_Complete" time="8.081" errors="0" timestamp="2024-04-22T18:54:11 IST" skipped="0">
  <testcase classname="Alerts_Frames_Windows.Auto_Complete" name="Testing" time="8.081"/>
</testsuite> <!-- Alerts_Frames_Windows.Auto_Complete -->
