<?xml version="1.0" encoding="UTF-8"?>
<!-- Generated by org.testng.reporters.JUnitReportReporter -->
<testsuite hostname="DESKTOP-RMGD7UB" failures="0" tests="1" name="Widgets.Tabs" time="11.813" errors="0" timestamp="2024-04-26T11:41:34 IST" skipped="0">
  <testcase classname="Widgets.Tabs" name="Testing" time="11.813"/>
</testsuite> <!-- Widgets.Tabs -->
