<?xml version="1.0" encoding="UTF-8"?>
<!-- Generated by org.testng.reporters.JUnitReportReporter -->
<testsuite hostname="DESKTOP-RMGD7UB" failures="0" tests="1" name="Widgets.Progress_Bar" time="13.779" errors="0" timestamp="2024-04-25T18:05:35 IST" skipped="0">
  <testcase classname="Widgets.Progress_Bar" name="Testing" time="13.779"/>
</testsuite> <!-- Widgets.Progress_Bar -->
