<?xml version="1.0" encoding="UTF-8"?>
<!-- Generated by org.testng.reporters.JUnitReportReporter -->
<testsuite hostname="DESKTOP-RMGD7UB" failures="0" tests="1" name="Elements.Uploads_and_Downloads" time="4.488" errors="0" timestamp="2024-04-15T16:48:03 IST" skipped="0">
  <testcase classname="Elements.Uploads_and_Downloads" name="Testing" time="4.488"/>
</testsuite> <!-- Elements.Uploads_and_Downloads -->
