<?xml version="1.0" encoding="UTF-8"?>
<!-- Generated by org.testng.reporters.JUnitReportReporter -->
<testsuite hostname="DESKTOP-RMGD7UB" failures="0" tests="1" name="Elements.Radio_Button" time="5.670" errors="0" timestamp="2024-04-14T17:16:38 IST" skipped="0">
  <testcase classname="Elements.Radio_Button" name="Testing" time="5.670"/>
</testsuite> <!-- Elements.Radio_Button -->
