<?xml version="1.0" encoding="UTF-8"?>
<!-- Generated by org.testng.reporters.JUnitReportReporter -->
<testsuite hostname="DESKTOP-RMGD7UB" failures="0" tests="1" name="Alerts_Frames_Windows.Frames" time="4.505" errors="0" timestamp="2024-04-21T17:16:06 IST" skipped="0">
  <testcase classname="Alerts_Frames_Windows.Frames" name="Testing" time="4.505"/>
</testsuite> <!-- Alerts_Frames_Windows.Frames -->
