<?xml version="1.0" encoding="UTF-8"?>
<!-- Generated by org.testng.reporters.JUnitReportReporter -->
<testsuite hostname="DESKTOP-RMGD7UB" failures="0" tests="1" name="Widgets.Slider" time="3.814" errors="0" timestamp="2024-04-25T12:36:44 IST" skipped="0">
  <testcase classname="Widgets.Slider" name="Testing" time="3.814"/>
</testsuite> <!-- Widgets.Slider -->
